

================================================================
== Vitis HLS Report for 'fir_n11_maxi'
================================================================
* Date:           Wed Sep 27 02:54:11 2023

* Version:        2022.1 (Build 3526262 on Mon Apr 18 15:47:01 MDT 2022)
* Project:        hls_ip
* Solution:       solution1 (Vivado IP Flow Target)
* Product family: zynquplus
* Target device:  xck26-sfvc784-2LV-c


================================================================
== Performance Estimates
================================================================
+ Timing: 
    * Summary: 
    +--------+----------+----------+------------+
    |  Clock |  Target  | Estimated| Uncertainty|
    +--------+----------+----------+------------+
    |ap_clk  |  10.00 ns|  7.300 ns|     2.70 ns|
    +--------+----------+----------+------------+

+ Latency: 
    * Summary: 
    +---------+---------+----------+----------+-----+-----+---------+
    |  Latency (cycles) |  Latency (absolute) |  Interval | Pipeline|
    |   min   |   max   |    min   |    max   | min | max |   Type  |
    +---------+---------+----------+----------+-----+-----+---------+
    |        ?|        ?|         ?|         ?|    ?|    ?|       no|
    +---------+---------+----------+----------+-----+-----+---------+

    + Detail: 
        * Instance: 
        +--------------------------------------------+---------------------------------+---------+---------+----------+----------+-----+-----+---------+
        |                                            |                                 |  Latency (cycles) |  Latency (absolute) |  Interval | Pipeline|
        |                  Instance                  |              Module             |   min   |   max   |    min   |    max   | min | max |   Type  |
        +--------------------------------------------+---------------------------------+---------+---------+----------+----------+-----+-----+---------+
        |grp_fir_n11_maxi_Pipeline_XFER_LOOP_fu_234  |fir_n11_maxi_Pipeline_XFER_LOOP  |        ?|        ?|         ?|         ?|    ?|    ?|       no|
        +--------------------------------------------+---------------------------------+---------+---------+----------+----------+-----+-----+---------+

        * Loop: 
        N/A



================================================================
== Utilization Estimates
================================================================
* Summary: 
+-----------------+---------+------+--------+--------+-----+
|       Name      | BRAM_18K|  DSP |   FF   |   LUT  | URAM|
+-----------------+---------+------+--------+--------+-----+
|DSP              |        -|     -|       -|       -|    -|
|Expression       |        -|     -|       0|      40|    -|
|FIFO             |        -|     -|       -|       -|    -|
|Instance         |        0|    33|    1343|    2326|    0|
|Memory           |        -|     -|       -|       -|    -|
|Multiplexer      |        -|     -|       -|     167|    -|
|Register         |        -|     -|     645|       -|    -|
+-----------------+---------+------+--------+--------+-----+
|Total            |        0|    33|    1988|    2533|    0|
+-----------------+---------+------+--------+--------+-----+
|Available        |      288|  1248|  234240|  117120|   64|
+-----------------+---------+------+--------+--------+-----+
|Utilization (%)  |        0|     2|      ~0|       2|    0|
+-----------------+---------+------+--------+--------+-----+

+ Detail: 
    * Instance: 
    +--------------------------------------------+---------------------------------+---------+----+-----+------+-----+
    |                  Instance                  |              Module             | BRAM_18K| DSP|  FF |  LUT | URAM|
    +--------------------------------------------+---------------------------------+---------+----+-----+------+-----+
    |control_s_axi_U                             |control_s_axi                    |        0|   0|  170|   296|    0|
    |grp_fir_n11_maxi_Pipeline_XFER_LOOP_fu_234  |fir_n11_maxi_Pipeline_XFER_LOOP  |        0|  33|  463|   756|    0|
    |gmem_m_axi_U                                |gmem_m_axi                       |        0|   0|  710|  1274|    0|
    +--------------------------------------------+---------------------------------+---------+----+-----+------+-----+
    |Total                                       |                                 |        0|  33| 1343|  2326|    0|
    +--------------------------------------------+---------------------------------+---------+----+-----+------+-----+

    * DSP: 
    N/A

    * Memory: 
    N/A

    * FIFO: 
    N/A

    * Expression: 
    +--------------------+----------+----+---+----+------------+------------+
    |    Variable Name   | Operation| DSP| FF| LUT| Bitwidth P0| Bitwidth P1|
    +--------------------+----------+----+---+----+------------+------------+
    |add_ln16_fu_281_p2  |         +|   0|  0|  40|          33|           2|
    +--------------------+----------+----+---+----+------------+------------+
    |Total               |          |   0|  0|  40|          33|           2|
    +--------------------+----------+----+---+----+------------+------------+

    * Multiplexer: 
    +-------------------+----+-----------+-----+-----------+
    |        Name       | LUT| Input Size| Bits| Total Bits|
    +-------------------+----+-----------+-----+-----------+
    |an32Coef_address0  |  37|          7|    4|         28|
    |an32Coef_address1  |  31|          6|    4|         24|
    |ap_NS_fsm          |  54|         10|    1|         10|
    |gmem_ARVALID       |   9|          2|    1|          2|
    |gmem_AWVALID       |   9|          2|    1|          2|
    |gmem_BREADY        |   9|          2|    1|          2|
    |gmem_RREADY        |   9|          2|    1|          2|
    |gmem_WVALID        |   9|          2|    1|          2|
    +-------------------+----+-----------+-----+-----------+
    |Total              | 167|         33|   14|         72|
    +-------------------+----+-----------+-----+-----------+

    * Register: 
    +---------------------------------------------------------+----+----+-----+-----------+
    |                           Name                          | FF | LUT| Bits| Const Bits|
    +---------------------------------------------------------+----+----+-----+-----------+
    |an32Coef_load_10_reg_438                                 |  32|   0|   32|          0|
    |an32Coef_load_1_reg_337                                  |  32|   0|   32|          0|
    |an32Coef_load_2_reg_342                                  |  32|   0|   32|          0|
    |an32Coef_load_3_reg_357                                  |  32|   0|   32|          0|
    |an32Coef_load_4_reg_362                                  |  32|   0|   32|          0|
    |an32Coef_load_5_reg_377                                  |  32|   0|   32|          0|
    |an32Coef_load_6_reg_382                                  |  32|   0|   32|          0|
    |an32Coef_load_7_reg_397                                  |  32|   0|   32|          0|
    |an32Coef_load_8_reg_402                                  |  32|   0|   32|          0|
    |an32Coef_load_9_reg_433                                  |  32|   0|   32|          0|
    |an32Coef_load_reg_322                                    |  32|   0|   32|          0|
    |ap_CS_fsm                                                |   9|   0|    9|          0|
    |grp_fir_n11_maxi_Pipeline_XFER_LOOP_fu_234_ap_start_reg  |   1|   0|    1|          0|
    |lshr_ln16_cast_reg_427                                   |  31|   0|   31|          0|
    |pn32HPInput_read_reg_422                                 |  64|   0|   64|          0|
    |pn32HPOutput_read_reg_417                                |  64|   0|   64|          0|
    |trunc_ln18_1_reg_443                                     |  62|   0|   62|          0|
    |trunc_ln30_1_reg_448                                     |  62|   0|   62|          0|
    +---------------------------------------------------------+----+----+-----+-----------+
    |Total                                                    | 645|   0|  645|          0|
    +---------------------------------------------------------+----+----+-----+-----------+



================================================================
== Interface
================================================================
* Summary: 
+-----------------------+-----+-----+------------+--------------+--------------+
|       RTL Ports       | Dir | Bits|  Protocol  | Source Object|    C Type    |
+-----------------------+-----+-----+------------+--------------+--------------+
|s_axi_control_AWVALID  |   in|    1|       s_axi|       control|        scalar|
|s_axi_control_AWREADY  |  out|    1|       s_axi|       control|        scalar|
|s_axi_control_AWADDR   |   in|    6|       s_axi|       control|        scalar|
|s_axi_control_WVALID   |   in|    1|       s_axi|       control|        scalar|
|s_axi_control_WREADY   |  out|    1|       s_axi|       control|        scalar|
|s_axi_control_WDATA    |   in|   32|       s_axi|       control|        scalar|
|s_axi_control_WSTRB    |   in|    4|       s_axi|       control|        scalar|
|s_axi_control_ARVALID  |   in|    1|       s_axi|       control|        scalar|
|s_axi_control_ARREADY  |  out|    1|       s_axi|       control|        scalar|
|s_axi_control_ARADDR   |   in|    6|       s_axi|       control|        scalar|
|s_axi_control_RVALID   |  out|    1|       s_axi|       control|        scalar|
|s_axi_control_RREADY   |   in|    1|       s_axi|       control|        scalar|
|s_axi_control_RDATA    |  out|   32|       s_axi|       control|        scalar|
|s_axi_control_RRESP    |  out|    2|       s_axi|       control|        scalar|
|s_axi_control_BVALID   |  out|    1|       s_axi|       control|        scalar|
|s_axi_control_BREADY   |   in|    1|       s_axi|       control|        scalar|
|s_axi_control_BRESP    |  out|    2|       s_axi|       control|        scalar|
|ap_clk                 |   in|    1|  ap_ctrl_hs|  fir_n11_maxi|  return value|
|ap_rst_n               |   in|    1|  ap_ctrl_hs|  fir_n11_maxi|  return value|
|ap_start               |   in|    1|  ap_ctrl_hs|  fir_n11_maxi|  return value|
|ap_done                |  out|    1|  ap_ctrl_hs|  fir_n11_maxi|  return value|
|ap_idle                |  out|    1|  ap_ctrl_hs|  fir_n11_maxi|  return value|
|ap_ready               |  out|    1|  ap_ctrl_hs|  fir_n11_maxi|  return value|
|m_axi_gmem_AWVALID     |  out|    1|       m_axi|          gmem|       pointer|
|m_axi_gmem_AWREADY     |   in|    1|       m_axi|          gmem|       pointer|
|m_axi_gmem_AWADDR      |  out|   64|       m_axi|          gmem|       pointer|
|m_axi_gmem_AWID        |  out|    1|       m_axi|          gmem|       pointer|
|m_axi_gmem_AWLEN       |  out|    8|       m_axi|          gmem|       pointer|
|m_axi_gmem_AWSIZE      |  out|    3|       m_axi|          gmem|       pointer|
|m_axi_gmem_AWBURST     |  out|    2|       m_axi|          gmem|       pointer|
|m_axi_gmem_AWLOCK      |  out|    2|       m_axi|          gmem|       pointer|
|m_axi_gmem_AWCACHE     |  out|    4|       m_axi|          gmem|       pointer|
|m_axi_gmem_AWPROT      |  out|    3|       m_axi|          gmem|       pointer|
|m_axi_gmem_AWQOS       |  out|    4|       m_axi|          gmem|       pointer|
|m_axi_gmem_AWREGION    |  out|    4|       m_axi|          gmem|       pointer|
|m_axi_gmem_AWUSER      |  out|    1|       m_axi|          gmem|       pointer|
|m_axi_gmem_WVALID      |  out|    1|       m_axi|          gmem|       pointer|
|m_axi_gmem_WREADY      |   in|    1|       m_axi|          gmem|       pointer|
|m_axi_gmem_WDATA       |  out|   32|       m_axi|          gmem|       pointer|
|m_axi_gmem_WSTRB       |  out|    4|       m_axi|          gmem|       pointer|
|m_axi_gmem_WLAST       |  out|    1|       m_axi|          gmem|       pointer|
|m_axi_gmem_WID         |  out|    1|       m_axi|          gmem|       pointer|
|m_axi_gmem_WUSER       |  out|    1|       m_axi|          gmem|       pointer|
|m_axi_gmem_ARVALID     |  out|    1|       m_axi|          gmem|       pointer|
|m_axi_gmem_ARREADY     |   in|    1|       m_axi|          gmem|       pointer|
|m_axi_gmem_ARADDR      |  out|   64|       m_axi|          gmem|       pointer|
|m_axi_gmem_ARID        |  out|    1|       m_axi|          gmem|       pointer|
|m_axi_gmem_ARLEN       |  out|    8|       m_axi|          gmem|       pointer|
|m_axi_gmem_ARSIZE      |  out|    3|       m_axi|          gmem|       pointer|
|m_axi_gmem_ARBURST     |  out|    2|       m_axi|          gmem|       pointer|
|m_axi_gmem_ARLOCK      |  out|    2|       m_axi|          gmem|       pointer|
|m_axi_gmem_ARCACHE     |  out|    4|       m_axi|          gmem|       pointer|
|m_axi_gmem_ARPROT      |  out|    3|       m_axi|          gmem|       pointer|
|m_axi_gmem_ARQOS       |  out|    4|       m_axi|          gmem|       pointer|
|m_axi_gmem_ARREGION    |  out|    4|       m_axi|          gmem|       pointer|
|m_axi_gmem_ARUSER      |  out|    1|       m_axi|          gmem|       pointer|
|m_axi_gmem_RVALID      |   in|    1|       m_axi|          gmem|       pointer|
|m_axi_gmem_RREADY      |  out|    1|       m_axi|          gmem|       pointer|
|m_axi_gmem_RDATA       |   in|   32|       m_axi|          gmem|       pointer|
|m_axi_gmem_RLAST       |   in|    1|       m_axi|          gmem|       pointer|
|m_axi_gmem_RID         |   in|    1|       m_axi|          gmem|       pointer|
|m_axi_gmem_RUSER       |   in|    1|       m_axi|          gmem|       pointer|
|m_axi_gmem_RRESP       |   in|    2|       m_axi|          gmem|       pointer|
|m_axi_gmem_BVALID      |   in|    1|       m_axi|          gmem|       pointer|
|m_axi_gmem_BREADY      |  out|    1|       m_axi|          gmem|       pointer|
|m_axi_gmem_BRESP       |   in|    2|       m_axi|          gmem|       pointer|
|m_axi_gmem_BID         |   in|    1|       m_axi|          gmem|       pointer|
|m_axi_gmem_BUSER       |   in|    1|       m_axi|          gmem|       pointer|
|an32Coef_address0      |  out|    4|   ap_memory|      an32Coef|         array|
|an32Coef_ce0           |  out|    1|   ap_memory|      an32Coef|         array|
|an32Coef_q0            |   in|   32|   ap_memory|      an32Coef|         array|
|an32Coef_address1      |  out|    4|   ap_memory|      an32Coef|         array|
|an32Coef_ce1           |  out|    1|   ap_memory|      an32Coef|         array|
|an32Coef_q1            |   in|   32|   ap_memory|      an32Coef|         array|
|regXferLeng            |   in|   32|     ap_none|   regXferLeng|        scalar|
+-----------------------+-----+-----+------------+--------------+--------------+

